2024/11/18 17:14:04 [info] 13515: 监听8080端口成功!
2024/11/18 17:14:04 [notice] 13516: master process ./nginx 13516 【master进程】启动并开始运行......!
2024/11/18 17:14:05 [notice] 13518: worker process 13518 【worker进程】启动并开始运行......!
2024/11/18 17:14:05 [notice] 13521: worker process 13521 【worker进程】启动并开始运行......!
2024/11/18 17:14:05 [notice] 13519: worker process 13519 【worker进程】启动并开始运行......!
2024/11/18 17:14:05 [notice] 13520: worker process 13520 【worker进程】启动并开始运行......!
2024/11/18 17:16:25 [info] 14499: 监听8080端口成功!
2024/11/18 17:16:25 [notice] 14500: master process ./nginx 14500 【master进程】启动并开始运行......!
2024/11/18 17:16:26 [notice] 14503: worker process 14503 【worker进程】启动并开始运行......!
2024/11/18 17:16:26 [notice] 14502: worker process 14502 【worker进程】启动并开始运行......!
2024/11/18 17:16:26 [notice] 14501: worker process 14501 【worker进程】启动并开始运行......!
2024/11/18 17:16:26 [notice] 14504: worker process 14504 【worker进程】启动并开始运行......!
2024/11/18 17:20:44 [info] 15236: 监听8080端口成功!
2024/11/18 17:20:44 [notice] 15237: master process ./nginx 15237 【master进程】启动并开始运行......!
2024/11/18 17:20:45 [notice] 15238: worker process 15238 【worker进程】启动并开始运行......!
2024/11/18 17:20:45 [notice] 15240: worker process 15240 【worker进程】启动并开始运行......!
2024/11/18 17:20:45 [notice] 15239: worker process 15239 【worker进程】启动并开始运行......!
2024/11/18 17:20:45 [notice] 15241: worker process 15241 【worker进程】启动并开始运行......!
2024/11/18 17:21:56 [notice] 14503: signal 15 (SIGTERM) received from 15853
2024/11/18 17:21:56 [info] 14503: CSocekt::ngx_epoll_process_events()中epoll_wait()失败! (4: Interrupted system call) 
2024/11/18 17:21:56 [stderr] 14503: nginx: ------------------------------------begin--------------------------------------
2024/11/18 17:21:56 [notice] 13518: signal 15 (SIGTERM) received from 15853
2024/11/18 17:21:56 [stderr] 14503: nginx: 当前在线人数/总人数(0/2048)。
2024/11/18 17:21:56 [notice] 13519: signal 15 (SIGTERM) received from 15853
2024/11/18 17:21:56 [stderr] 14503: nginx: 连接池中空闲连接/总连接/要释放的连接(2047/2048/0)。
2024/11/18 17:21:56 [notice] 13516: signal 15 (SIGTERM) received from 15853
2024/11/18 17:21:56 [stderr] 14503: nginx: 当前时间队列大小(0)。
2024/11/18 17:21:56 [info] 13518: CSocekt::ngx_epoll_process_events()中epoll_wait()失败! (4: Interrupted system call) 
2024/11/18 17:21:56 [stderr] 14503: nginx: 当前收消息队列/发消息队列大小分别为(0/0)，丢弃的待发送数据包数量为0。
2024/11/18 17:21:56 [info] 13519: CSocekt::ngx_epoll_process_events()中epoll_wait()失败! (4: Interrupted system call) 
2024/11/18 17:21:56 [stderr] 14503: nginx: -------------------------------------end---------------------------------------
2024/11/18 17:21:56 [stderr] 13518: nginx: ------------------------------------begin--------------------------------------
2024/11/18 17:21:56 [stderr] 13519: nginx: ------------------------------------begin--------------------------------------
2024/11/18 17:21:56 [stderr] 13518: nginx: 当前在线人数/总人数(0/2048)。
2024/11/18 17:21:56 [stderr] 13519: nginx: 当前在线人数/总人数(0/2048)。
2024/11/18 17:21:56 [notice] 14502: signal 15 (SIGTERM) received from 15853
2024/11/18 17:21:56 [stderr] 13518: nginx: 连接池中空闲连接/总连接/要释放的连接(2047/2048/0)。
2024/11/18 17:21:56 [stderr] 13519: nginx: 连接池中空闲连接/总连接/要释放的连接(2047/2048/0)。
2024/11/18 17:21:56 [stderr] 13518: nginx: 当前时间队列大小(0)。
2024/11/18 17:21:56 [stderr] 13519: nginx: 当前时间队列大小(0)。
2024/11/18 17:21:56 [stderr] 13518: nginx: 当前收消息队列/发消息队列大小分别为(0/0)，丢弃的待发送数据包数量为0。
2024/11/18 17:21:56 [stderr] 13519: nginx: 当前收消息队列/发消息队列大小分别为(0/0)，丢弃的待发送数据包数量为0。
2024/11/18 17:21:56 [info] 14502: CSocekt::ngx_epoll_process_events()中epoll_wait()失败! (4: Interrupted system call) 
2024/11/18 17:21:56 [stderr] 13518: nginx: -------------------------------------end---------------------------------------
2024/11/18 17:21:56 [stderr] 13519: nginx: -------------------------------------end---------------------------------------
2024/11/18 17:21:56 [stderr] 14502: nginx: ------------------------------------begin--------------------------------------
2024/11/18 17:21:56 [stderr] 14502: nginx: 当前在线人数/总人数(0/2048)。
2024/11/18 17:21:56 [stderr] 14502: nginx: 连接池中空闲连接/总连接/要释放的连接(2047/2048/0)。
2024/11/18 17:21:56 [notice] 13521: signal 15 (SIGTERM) received from 15853
2024/11/18 17:21:56 [stderr] 14502: nginx: 当前时间队列大小(0)。
2024/11/18 17:21:56 [stderr] 14502: nginx: 当前收消息队列/发消息队列大小分别为(0/0)，丢弃的待发送数据包数量为0。
2024/11/18 17:21:56 [stderr] 14502: nginx: -------------------------------------end---------------------------------------
2024/11/18 17:21:56 [info] 13521: CSocekt::ngx_epoll_process_events()中epoll_wait()失败! (4: Interrupted system call) 
2024/11/18 17:21:56 [stderr] 13521: nginx: ------------------------------------begin--------------------------------------
2024/11/18 17:21:56 [stderr] 13521: nginx: 当前在线人数/总人数(0/2048)。
2024/11/18 17:21:56 [stderr] 13521: nginx: 连接池中空闲连接/总连接/要释放的连接(2047/2048/0)。
2024/11/18 17:21:56 [stderr] 13521: nginx: 当前时间队列大小(0)。
2024/11/18 17:21:56 [stderr] 13521: nginx: 当前收消息队列/发消息队列大小分别为(0/0)，丢弃的待发送数据包数量为0。
2024/11/18 17:21:56 [stderr] 13521: nginx: -------------------------------------end---------------------------------------
2024/11/18 17:21:56 [notice] 13520: signal 15 (SIGTERM) received from 15853
2024/11/18 17:21:56 [info] 13520: CSocekt::ngx_epoll_process_events()中epoll_wait()失败! (4: Interrupted system call) 
2024/11/18 17:21:56 [stderr] 13520: nginx: ------------------------------------begin--------------------------------------
2024/11/18 17:21:56 [stderr] 13520: nginx: 当前在线人数/总人数(0/2048)。
2024/11/18 17:21:56 [stderr] 13520: nginx: 连接池中空闲连接/总连接/要释放的连接(2047/2048/0)。
2024/11/18 17:21:56 [stderr] 13520: nginx: 当前时间队列大小(0)。
2024/11/18 17:21:56 [stderr] 13520: nginx: 当前收消息队列/发消息队列大小分别为(0/0)，丢弃的待发送数据包数量为0。
2024/11/18 17:21:56 [stderr] 13520: nginx: -------------------------------------end---------------------------------------
2024/11/18 17:21:56 [notice] 14500: signal 15 (SIGTERM) received from 15853
2024/11/18 17:21:56 [notice] 14501: signal 15 (SIGTERM) received from 15853
2024/11/18 17:21:56 [info] 14501: CSocekt::ngx_epoll_process_events()中epoll_wait()失败! (4: Interrupted system call) 
2024/11/18 17:21:56 [stderr] 14501: nginx: ------------------------------------begin--------------------------------------
2024/11/18 17:21:56 [stderr] 14501: nginx: 当前在线人数/总人数(0/2048)。
2024/11/18 17:21:56 [stderr] 14501: nginx: 连接池中空闲连接/总连接/要释放的连接(2047/2048/0)。
2024/11/18 17:21:56 [stderr] 14501: nginx: 当前时间队列大小(0)。
2024/11/18 17:21:56 [stderr] 14501: nginx: 当前收消息队列/发消息队列大小分别为(0/0)，丢弃的待发送数据包数量为0。
2024/11/18 17:21:56 [stderr] 14501: nginx: -------------------------------------end---------------------------------------
2024/11/18 17:21:56 [notice] 15237: signal 15 (SIGTERM) received from 15853
2024/11/18 17:21:56 [notice] 15240: signal 15 (SIGTERM) received from 15853
2024/11/18 17:21:56 [notice] 15241: signal 15 (SIGTERM) received from 15853
2024/11/18 17:21:56 [info] 15240: CSocekt::ngx_epoll_process_events()中epoll_wait()失败! (4: Interrupted system call) 
2024/11/18 17:21:56 [info] 15241: CSocekt::ngx_epoll_process_events()中epoll_wait()失败! (4: Interrupted system call) 
2024/11/18 17:21:56 [stderr] 15240: nginx: ------------------------------------begin--------------------------------------
2024/11/18 17:21:56 [stderr] 15241: nginx: ------------------------------------begin--------------------------------------
2024/11/18 17:21:56 [stderr] 15240: nginx: 当前在线人数/总人数(0/2048)。
2024/11/18 17:21:56 [stderr] 15241: nginx: 当前在线人数/总人数(0/2048)。
2024/11/18 17:21:56 [stderr] 15240: nginx: 连接池中空闲连接/总连接/要释放的连接(2047/2048/0)。
2024/11/18 17:21:56 [stderr] 15241: nginx: 连接池中空闲连接/总连接/要释放的连接(2047/2048/0)。
2024/11/18 17:21:56 [stderr] 15240: nginx: 当前时间队列大小(0)。
2024/11/18 17:21:56 [stderr] 15241: nginx: 当前时间队列大小(0)。
2024/11/18 17:21:56 [stderr] 15240: nginx: 当前收消息队列/发消息队列大小分别为(0/0)，丢弃的待发送数据包数量为0。
2024/11/18 17:21:56 [stderr] 15241: nginx: 当前收消息队列/发消息队列大小分别为(0/0)，丢弃的待发送数据包数量为0。
2024/11/18 17:21:56 [stderr] 15240: nginx: -------------------------------------end---------------------------------------
2024/11/18 17:21:56 [stderr] 15241: nginx: -------------------------------------end---------------------------------------
2024/11/18 17:21:56 [notice] 14504: signal 15 (SIGTERM) received from 15853
2024/11/18 17:21:56 [info] 14504: CSocekt::ngx_epoll_process_events()中epoll_wait()失败! (4: Interrupted system call) 
2024/11/18 17:21:56 [stderr] 14504: nginx: ------------------------------------begin--------------------------------------
2024/11/18 17:21:56 [stderr] 14504: nginx: 当前在线人数/总人数(0/2048)。
2024/11/18 17:21:56 [stderr] 14504: nginx: 连接池中空闲连接/总连接/要释放的连接(2047/2048/0)。
2024/11/18 17:21:56 [stderr] 14504: nginx: 当前时间队列大小(0)。
2024/11/18 17:21:56 [notice] 15239: signal 15 (SIGTERM) received from 15853
2024/11/18 17:21:56 [stderr] 14504: nginx: 当前收消息队列/发消息队列大小分别为(0/0)，丢弃的待发送数据包数量为0。
2024/11/18 17:21:56 [stderr] 14504: nginx: -------------------------------------end---------------------------------------
2024/11/18 17:21:56 [info] 15239: CSocekt::ngx_epoll_process_events()中epoll_wait()失败! (4: Interrupted system call) 
2024/11/18 17:21:56 [stderr] 15239: nginx: ------------------------------------begin--------------------------------------
2024/11/18 17:21:56 [stderr] 15239: nginx: 当前在线人数/总人数(0/2048)。
2024/11/18 17:21:56 [stderr] 15239: nginx: 连接池中空闲连接/总连接/要释放的连接(2047/2048/0)。
2024/11/18 17:21:56 [stderr] 15239: nginx: 当前时间队列大小(0)。
2024/11/18 17:21:56 [stderr] 15239: nginx: 当前收消息队列/发消息队列大小分别为(0/0)，丢弃的待发送数据包数量为0。
2024/11/18 17:21:56 [stderr] 15239: nginx: -------------------------------------end---------------------------------------
2024/11/18 17:21:56 [notice] 15238: signal 15 (SIGTERM) received from 15853
2024/11/18 17:21:56 [info] 15238: CSocekt::ngx_epoll_process_events()中epoll_wait()失败! (4: Interrupted system call) 
2024/11/18 17:21:56 [stderr] 15238: nginx: ------------------------------------begin--------------------------------------
2024/11/18 17:21:56 [stderr] 15238: nginx: 当前在线人数/总人数(0/2048)。
2024/11/18 17:21:56 [stderr] 15238: nginx: 连接池中空闲连接/总连接/要释放的连接(2047/2048/0)。
2024/11/18 17:21:56 [stderr] 15238: nginx: 当前时间队列大小(0)。
2024/11/18 17:21:56 [stderr] 15238: nginx: 当前收消息队列/发消息队列大小分别为(0/0)，丢弃的待发送数据包数量为0。
2024/11/18 17:21:56 [stderr] 15238: nginx: -------------------------------------end---------------------------------------
2024/11/18 17:23:28 [stderr] 15240: nginx: ------------------------------------begin--------------------------------------
2024/11/18 17:23:28 [stderr] 15241: nginx: ------------------------------------begin--------------------------------------
2024/11/18 17:23:28 [stderr] 15240: nginx: 当前在线人数/总人数(1/2048)。
2024/11/18 17:23:28 [stderr] 15241: nginx: 当前在线人数/总人数(0/2048)。
2024/11/18 17:23:28 [stderr] 15240: nginx: 连接池中空闲连接/总连接/要释放的连接(2046/2048/0)。
2024/11/18 17:23:28 [stderr] 15241: nginx: 连接池中空闲连接/总连接/要释放的连接(2047/2048/0)。
2024/11/18 17:23:28 [stderr] 15240: nginx: 当前时间队列大小(1)。
2024/11/18 17:23:28 [stderr] 15241: nginx: 当前时间队列大小(0)。
2024/11/18 17:23:28 [stderr] 15240: nginx: 当前收消息队列/发消息队列大小分别为(0/0)，丢弃的待发送数据包数量为0。
2024/11/18 17:23:28 [stderr] 15241: nginx: 当前收消息队列/发消息队列大小分别为(0/0)，丢弃的待发送数据包数量为0。
2024/11/18 17:23:28 [stderr] 15240: nginx: -------------------------------------end---------------------------------------
2024/11/18 17:23:28 [stderr] 15241: nginx: -------------------------------------end---------------------------------------
2024/11/18 17:23:40 [stderr] 15240: nginx: ------------------------------------begin--------------------------------------
2024/11/18 17:23:40 [stderr] 15240: nginx: 当前在线人数/总人数(1/2048)。
2024/11/18 17:23:40 [stderr] 15240: nginx: 连接池中空闲连接/总连接/要释放的连接(2046/2048/0)。
2024/11/18 17:23:40 [stderr] 15240: nginx: 当前时间队列大小(1)。
2024/11/18 17:23:40 [stderr] 15240: nginx: 当前收消息队列/发消息队列大小分别为(0/0)，丢弃的待发送数据包数量为0。
2024/11/18 17:23:40 [stderr] 15240: nginx: -------------------------------------end---------------------------------------
2024/11/18 17:24:21 [stderr] 15240: nginx: ------------------------------------begin--------------------------------------
2024/11/18 17:24:21 [stderr] 15240: nginx: 当前在线人数/总人数(1/2048)。
2024/11/18 17:24:21 [stderr] 15240: nginx: 连接池中空闲连接/总连接/要释放的连接(2046/2048/0)。
2024/11/18 17:24:21 [stderr] 15240: nginx: 当前时间队列大小(1)。
2024/11/18 17:24:21 [stderr] 15240: nginx: 当前收消息队列/发消息队列大小分别为(0/0)，丢弃的待发送数据包数量为0。
2024/11/18 17:24:21 [stderr] 15240: nginx: -------------------------------------end---------------------------------------
2024/11/18 17:26:11 [notice] 13516: signal 15 (SIGTERM) received from 16278
2024/11/18 17:26:11 [notice] 13518: signal 15 (SIGTERM) received from 16278
2024/11/18 17:26:11 [notice] 13520: signal 15 (SIGTERM) received from 16278
2024/11/18 17:26:11 [notice] 13519: signal 15 (SIGTERM) received from 16278
2024/11/18 17:26:11 [info] 13518: CSocekt::ngx_epoll_process_events()中epoll_wait()失败! (4: Interrupted system call) 
2024/11/18 17:26:11 [info] 13520: CSocekt::ngx_epoll_process_events()中epoll_wait()失败! (4: Interrupted system call) 
2024/11/18 17:26:11 [info] 13519: CSocekt::ngx_epoll_process_events()中epoll_wait()失败! (4: Interrupted system call) 
2024/11/18 17:26:11 [stderr] 13518: nginx: ------------------------------------begin--------------------------------------
2024/11/18 17:26:11 [stderr] 13520: nginx: ------------------------------------begin--------------------------------------
2024/11/18 17:26:11 [stderr] 13519: nginx: ------------------------------------begin--------------------------------------
2024/11/18 17:26:11 [stderr] 13518: nginx: 当前在线人数/总人数(0/2048)。
2024/11/18 17:26:11 [stderr] 13520: nginx: 当前在线人数/总人数(0/2048)。
2024/11/18 17:26:11 [stderr] 13519: nginx: 当前在线人数/总人数(0/2048)。
2024/11/18 17:26:11 [stderr] 13518: nginx: 连接池中空闲连接/总连接/要释放的连接(2047/2048/0)。
2024/11/18 17:26:11 [stderr] 13520: nginx: 连接池中空闲连接/总连接/要释放的连接(2047/2048/0)。
2024/11/18 17:26:11 [stderr] 13519: nginx: 连接池中空闲连接/总连接/要释放的连接(2047/2048/0)。
2024/11/18 17:26:11 [stderr] 13518: nginx: 当前时间队列大小(0)。
2024/11/18 17:26:11 [stderr] 13520: nginx: 当前时间队列大小(0)。
2024/11/18 17:26:11 [stderr] 13519: nginx: 当前时间队列大小(0)。
2024/11/18 17:26:11 [stderr] 13518: nginx: 当前收消息队列/发消息队列大小分别为(0/0)，丢弃的待发送数据包数量为0。
2024/11/18 17:26:11 [stderr] 13520: nginx: 当前收消息队列/发消息队列大小分别为(0/0)，丢弃的待发送数据包数量为0。
2024/11/18 17:26:11 [stderr] 13519: nginx: 当前收消息队列/发消息队列大小分别为(0/0)，丢弃的待发送数据包数量为0。
2024/11/18 17:26:11 [stderr] 13518: nginx: -------------------------------------end---------------------------------------
2024/11/18 17:26:11 [stderr] 13520: nginx: -------------------------------------end---------------------------------------
2024/11/18 17:26:11 [stderr] 13519: nginx: -------------------------------------end---------------------------------------
2024/11/18 17:26:11 [notice] 13521: signal 15 (SIGTERM) received from 16278
2024/11/18 17:26:11 [info] 13521: CSocekt::ngx_epoll_process_events()中epoll_wait()失败! (4: Interrupted system call) 
2024/11/18 17:26:11 [notice] 14500: signal 15 (SIGTERM) received from 16278
2024/11/18 17:26:11 [stderr] 13521: nginx: ------------------------------------begin--------------------------------------
2024/11/18 17:26:11 [stderr] 13521: nginx: 当前在线人数/总人数(0/2048)。
2024/11/18 17:26:11 [stderr] 13521: nginx: 连接池中空闲连接/总连接/要释放的连接(2047/2048/0)。
2024/11/18 17:26:11 [notice] 14501: signal 15 (SIGTERM) received from 16278
2024/11/18 17:26:11 [stderr] 13521: nginx: 当前时间队列大小(0)。
2024/11/18 17:26:11 [stderr] 13521: nginx: 当前收消息队列/发消息队列大小分别为(0/0)，丢弃的待发送数据包数量为0。
2024/11/18 17:26:11 [info] 14501: CSocekt::ngx_epoll_process_events()中epoll_wait()失败! (4: Interrupted system call) 
2024/11/18 17:26:11 [stderr] 13521: nginx: -------------------------------------end---------------------------------------
2024/11/18 17:26:11 [stderr] 14501: nginx: ------------------------------------begin--------------------------------------
2024/11/18 17:26:11 [stderr] 14501: nginx: 当前在线人数/总人数(0/2048)。
2024/11/18 17:26:11 [stderr] 14501: nginx: 连接池中空闲连接/总连接/要释放的连接(2047/2048/0)。
2024/11/18 17:26:11 [stderr] 14501: nginx: 当前时间队列大小(0)。
2024/11/18 17:26:11 [stderr] 14501: nginx: 当前收消息队列/发消息队列大小分别为(0/0)，丢弃的待发送数据包数量为0。
2024/11/18 17:26:11 [stderr] 14501: nginx: -------------------------------------end---------------------------------------
2024/11/18 17:26:11 [notice] 14502: signal 15 (SIGTERM) received from 16278
2024/11/18 17:26:11 [info] 14502: CSocekt::ngx_epoll_process_events()中epoll_wait()失败! (4: Interrupted system call) 
2024/11/18 17:26:11 [notice] 14503: signal 15 (SIGTERM) received from 16278
2024/11/18 17:26:11 [stderr] 14502: nginx: ------------------------------------begin--------------------------------------
2024/11/18 17:26:11 [info] 14503: CSocekt::ngx_epoll_process_events()中epoll_wait()失败! (4: Interrupted system call) 
2024/11/18 17:26:11 [stderr] 14502: nginx: 当前在线人数/总人数(0/2048)。
2024/11/18 17:26:11 [stderr] 14503: nginx: ------------------------------------begin--------------------------------------
2024/11/18 17:26:11 [notice] 15237: signal 15 (SIGTERM) received from 16278
2024/11/18 17:26:11 [stderr] 14503: nginx: 当前在线人数/总人数(0/2048)。
2024/11/18 17:26:11 [stderr] 14502: nginx: 连接池中空闲连接/总连接/要释放的连接(2047/2048/0)。
2024/11/18 17:26:11 [stderr] 14503: nginx: 连接池中空闲连接/总连接/要释放的连接(2047/2048/0)。
2024/11/18 17:26:11 [stderr] 14503: nginx: 当前时间队列大小(0)。
2024/11/18 17:26:11 [stderr] 14502: nginx: 当前时间队列大小(0)。
2024/11/18 17:26:11 [stderr] 14503: nginx: 当前收消息队列/发消息队列大小分别为(0/0)，丢弃的待发送数据包数量为0。
2024/11/18 17:26:11 [stderr] 14502: nginx: 当前收消息队列/发消息队列大小分别为(0/0)，丢弃的待发送数据包数量为0。
2024/11/18 17:26:11 [stderr] 14503: nginx: -------------------------------------end---------------------------------------
2024/11/18 17:26:11 [stderr] 14502: nginx: -------------------------------------end---------------------------------------
2024/11/18 17:26:11 [notice] 15238: signal 15 (SIGTERM) received from 16278
2024/11/18 17:26:11 [notice] 14504: signal 15 (SIGTERM) received from 16278
2024/11/18 17:26:11 [info] 15238: CSocekt::ngx_epoll_process_events()中epoll_wait()失败! (4: Interrupted system call) 
2024/11/18 17:26:11 [info] 14504: CSocekt::ngx_epoll_process_events()中epoll_wait()失败! (4: Interrupted system call) 
2024/11/18 17:26:11 [stderr] 15238: nginx: ------------------------------------begin--------------------------------------
2024/11/18 17:26:11 [stderr] 14504: nginx: ------------------------------------begin--------------------------------------
2024/11/18 17:26:11 [stderr] 15238: nginx: 当前在线人数/总人数(0/2048)。
2024/11/18 17:26:11 [stderr] 14504: nginx: 当前在线人数/总人数(0/2048)。
2024/11/18 17:26:11 [stderr] 15238: nginx: 连接池中空闲连接/总连接/要释放的连接(2047/2048/0)。
2024/11/18 17:26:11 [stderr] 14504: nginx: 连接池中空闲连接/总连接/要释放的连接(2047/2048/0)。
2024/11/18 17:26:11 [stderr] 15238: nginx: 当前时间队列大小(0)。
2024/11/18 17:26:11 [stderr] 14504: nginx: 当前时间队列大小(0)。
2024/11/18 17:26:11 [stderr] 15238: nginx: 当前收消息队列/发消息队列大小分别为(0/0)，丢弃的待发送数据包数量为0。
2024/11/18 17:26:11 [notice] 15240: signal 15 (SIGTERM) received from 16278
2024/11/18 17:26:11 [stderr] 15238: nginx: -------------------------------------end---------------------------------------
2024/11/18 17:26:11 [stderr] 14504: nginx: 当前收消息队列/发消息队列大小分别为(0/0)，丢弃的待发送数据包数量为0。
2024/11/18 17:26:11 [info] 15240: CSocekt::ngx_epoll_process_events()中epoll_wait()失败! (4: Interrupted system call) 
2024/11/18 17:26:11 [stderr] 14504: nginx: -------------------------------------end---------------------------------------
2024/11/18 17:26:11 [stderr] 15240: nginx: ------------------------------------begin--------------------------------------
2024/11/18 17:26:11 [notice] 15239: signal 15 (SIGTERM) received from 16278
2024/11/18 17:26:11 [stderr] 15240: nginx: 当前在线人数/总人数(0/2048)。
2024/11/18 17:26:11 [info] 15239: CSocekt::ngx_epoll_process_events()中epoll_wait()失败! (4: Interrupted system call) 
2024/11/18 17:26:11 [stderr] 15240: nginx: 连接池中空闲连接/总连接/要释放的连接(2046/2048/1)。
2024/11/18 17:26:11 [stderr] 15239: nginx: ------------------------------------begin--------------------------------------
2024/11/18 17:26:11 [stderr] 15240: nginx: 当前时间队列大小(0)。
2024/11/18 17:26:11 [stderr] 15239: nginx: 当前在线人数/总人数(0/2048)。
2024/11/18 17:26:11 [stderr] 15240: nginx: 当前收消息队列/发消息队列大小分别为(0/0)，丢弃的待发送数据包数量为0。
2024/11/18 17:26:11 [stderr] 15239: nginx: 连接池中空闲连接/总连接/要释放的连接(2047/2048/0)。
2024/11/18 17:26:11 [stderr] 15240: nginx: -------------------------------------end---------------------------------------
2024/11/18 17:26:11 [stderr] 15239: nginx: 当前时间队列大小(0)。
2024/11/18 17:26:11 [stderr] 15239: nginx: 当前收消息队列/发消息队列大小分别为(0/0)，丢弃的待发送数据包数量为0。
2024/11/18 17:26:11 [stderr] 15239: nginx: -------------------------------------end---------------------------------------
2024/11/18 17:26:11 [notice] 15241: signal 15 (SIGTERM) received from 16278
2024/11/18 17:26:11 [info] 15241: CSocekt::ngx_epoll_process_events()中epoll_wait()失败! (4: Interrupted system call) 
2024/11/18 17:26:11 [stderr] 15241: nginx: ------------------------------------begin--------------------------------------
2024/11/18 17:26:11 [stderr] 15241: nginx: 当前在线人数/总人数(0/2048)。
2024/11/18 17:26:11 [stderr] 15241: nginx: 连接池中空闲连接/总连接/要释放的连接(2047/2048/0)。
2024/11/18 17:26:11 [stderr] 15241: nginx: 当前时间队列大小(0)。
2024/11/18 17:26:11 [stderr] 15241: nginx: 当前收消息队列/发消息队列大小分别为(0/0)，丢弃的待发送数据包数量为0。
2024/11/18 17:26:11 [stderr] 15241: nginx: -------------------------------------end---------------------------------------
2024/11/19 19:31:03 [info] 19279: 监听8080端口成功!
2024/11/19 19:31:03 [notice] 19280: master process ./nginx 19280 【master进程】启动并开始运行......!
2024/11/19 19:31:05 [notice] 19282: worker process 19282 【worker进程】启动并开始运行......!
2024/11/19 19:31:05 [notice] 19283: worker process 19283 【worker进程】启动并开始运行......!
2024/11/19 19:31:05 [notice] 19281: worker process 19281 【worker进程】启动并开始运行......!
2024/11/19 19:31:05 [notice] 19285: worker process 19285 【worker进程】启动并开始运行......!
2024/12/01 20:37:45 [notice] 13518: signal 15 (SIGTERM) received from 1
2024/12/01 20:37:45 [notice] 13519: signal 15 (SIGTERM) received from 1
2024/12/01 20:37:45 [info] 13518: CSocekt::ngx_epoll_process_events()中epoll_wait()失败! (4: Interrupted system call) 
2024/12/01 20:37:45 [info] 13519: CSocekt::ngx_epoll_process_events()中epoll_wait()失败! (4: Interrupted system call) 
2024/12/01 20:37:45 [stderr] 13518: nginx: ------------------------------------begin--------------------------------------
2024/12/01 20:37:45 [stderr] 13518: nginx: 当前在线人数/总人数(0/2048)。
2024/12/01 20:37:45 [stderr] 13519: nginx: ------------------------------------begin--------------------------------------
2024/12/01 20:37:45 [stderr] 13518: nginx: 连接池中空闲连接/总连接/要释放的连接(2047/2048/0)。
2024/12/01 20:37:45 [stderr] 13519: nginx: 当前在线人数/总人数(0/2048)。
2024/12/01 20:37:45 [stderr] 13518: nginx: 当前时间队列大小(0)。
2024/12/01 20:37:45 [stderr] 13519: nginx: 连接池中空闲连接/总连接/要释放的连接(2047/2048/0)。
2024/12/01 20:37:45 [stderr] 13518: nginx: 当前收消息队列/发消息队列大小分别为(0/0)，丢弃的待发送数据包数量为0。
2024/12/01 20:37:45 [stderr] 13519: nginx: 当前时间队列大小(0)。
2024/12/01 20:37:45 [stderr] 13518: nginx: -------------------------------------end---------------------------------------
2024/12/01 20:37:45 [stderr] 13519: nginx: 当前收消息队列/发消息队列大小分别为(0/0)，丢弃的待发送数据包数量为0。
2024/12/01 20:37:45 [stderr] 13519: nginx: -------------------------------------end---------------------------------------
2024/12/01 20:37:45 [notice] 13520: signal 15 (SIGTERM) received from 1
2024/12/01 20:37:45 [notice] 13521: signal 15 (SIGTERM) received from 1
2024/12/01 20:37:45 [info] 13520: CSocekt::ngx_epoll_process_events()中epoll_wait()失败! (4: Interrupted system call) 
2024/12/01 20:37:45 [info] 13521: CSocekt::ngx_epoll_process_events()中epoll_wait()失败! (4: Interrupted system call) 
2024/12/01 20:37:45 [stderr] 13521: nginx: ------------------------------------begin--------------------------------------
2024/12/01 20:37:45 [stderr] 13521: nginx: 当前在线人数/总人数(0/2048)。
2024/12/01 20:37:45 [stderr] 13521: nginx: 连接池中空闲连接/总连接/要释放的连接(2047/2048/0)。
2024/12/01 20:37:45 [stderr] 13521: nginx: 当前时间队列大小(0)。
2024/12/01 20:37:45 [stderr] 13521: nginx: 当前收消息队列/发消息队列大小分别为(0/0)，丢弃的待发送数据包数量为0。
2024/12/01 20:37:45 [stderr] 13521: nginx: -------------------------------------end---------------------------------------
2024/12/01 20:37:45 [stderr] 13520: nginx: ------------------------------------begin--------------------------------------
2024/12/01 20:37:45 [stderr] 13520: nginx: 当前在线人数/总人数(0/2048)。
2024/12/01 20:37:45 [stderr] 13520: nginx: 连接池中空闲连接/总连接/要释放的连接(2047/2048/0)。
2024/12/01 20:37:45 [stderr] 13520: nginx: 当前时间队列大小(0)。
2024/12/01 20:37:45 [stderr] 13520: nginx: 当前收消息队列/发消息队列大小分别为(0/0)，丢弃的待发送数据包数量为0。
2024/12/01 20:37:45 [stderr] 13520: nginx: -------------------------------------end---------------------------------------
2024/12/01 20:37:45 [notice] 14501: signal 15 (SIGTERM) received from 1
2024/12/01 20:37:45 [info] 14501: CSocekt::ngx_epoll_process_events()中epoll_wait()失败! (4: Interrupted system call) 
2024/12/01 20:37:45 [stderr] 14501: nginx: ------------------------------------begin--------------------------------------
2024/12/01 20:37:45 [stderr] 14501: nginx: 当前在线人数/总人数(0/2048)。
2024/12/01 20:37:45 [stderr] 14501: nginx: 连接池中空闲连接/总连接/要释放的连接(2047/2048/0)。
2024/12/01 20:37:45 [stderr] 14501: nginx: 当前时间队列大小(0)。
2024/12/01 20:37:45 [stderr] 14501: nginx: 当前收消息队列/发消息队列大小分别为(0/0)，丢弃的待发送数据包数量为0。
2024/12/01 20:37:45 [stderr] 14501: nginx: -------------------------------------end---------------------------------------
2024/12/01 20:37:45 [notice] 14502: signal 15 (SIGTERM) received from 1
2024/12/01 20:37:45 [info] 14502: CSocekt::ngx_epoll_process_events()中epoll_wait()失败! (4: Interrupted system call) 
2024/12/01 20:37:45 [notice] 14503: signal 15 (SIGTERM) received from 1
2024/12/01 20:37:45 [stderr] 14502: nginx: ------------------------------------begin--------------------------------------
2024/12/01 20:37:45 [stderr] 14502: nginx: 当前在线人数/总人数(0/2048)。
2024/12/01 20:37:45 [stderr] 14502: nginx: 连接池中空闲连接/总连接/要释放的连接(2047/2048/0)。
2024/12/01 20:37:45 [stderr] 14502: nginx: 当前时间队列大小(0)。
2024/12/01 20:37:45 [stderr] 14502: nginx: 当前收消息队列/发消息队列大小分别为(0/0)，丢弃的待发送数据包数量为0。
2024/12/01 20:37:45 [stderr] 14502: nginx: -------------------------------------end---------------------------------------
2024/12/01 20:37:45 [info] 14503: CSocekt::ngx_epoll_process_events()中epoll_wait()失败! (4: Interrupted system call) 
2024/12/01 20:37:45 [stderr] 14503: nginx: ------------------------------------begin--------------------------------------
2024/12/01 20:37:45 [stderr] 14503: nginx: 当前在线人数/总人数(0/2048)。
2024/12/01 20:37:45 [stderr] 14503: nginx: 连接池中空闲连接/总连接/要释放的连接(2047/2048/0)。
2024/12/01 20:37:45 [stderr] 14503: nginx: 当前时间队列大小(0)。
2024/12/01 20:37:45 [stderr] 14503: nginx: 当前收消息队列/发消息队列大小分别为(0/0)，丢弃的待发送数据包数量为0。
2024/12/01 20:37:45 [stderr] 14503: nginx: -------------------------------------end---------------------------------------
2024/12/01 20:37:45 [notice] 15238: signal 15 (SIGTERM) received from 1
2024/12/01 20:37:45 [notice] 14504: signal 15 (SIGTERM) received from 1
2024/12/01 20:37:45 [info] 15238: CSocekt::ngx_epoll_process_events()中epoll_wait()失败! (4: Interrupted system call) 
2024/12/01 20:37:45 [info] 14504: CSocekt::ngx_epoll_process_events()中epoll_wait()失败! (4: Interrupted system call) 
2024/12/01 20:37:45 [stderr] 15238: nginx: ------------------------------------begin--------------------------------------
2024/12/01 20:37:45 [stderr] 14504: nginx: ------------------------------------begin--------------------------------------
2024/12/01 20:37:45 [stderr] 15238: nginx: 当前在线人数/总人数(0/2048)。
2024/12/01 20:37:45 [stderr] 14504: nginx: 当前在线人数/总人数(0/2048)。
2024/12/01 20:37:45 [stderr] 15238: nginx: 连接池中空闲连接/总连接/要释放的连接(2047/2048/0)。
2024/12/01 20:37:45 [stderr] 14504: nginx: 连接池中空闲连接/总连接/要释放的连接(2047/2048/0)。
2024/12/01 20:37:45 [stderr] 15238: nginx: 当前时间队列大小(0)。
2024/12/01 20:37:45 [stderr] 14504: nginx: 当前时间队列大小(0)。
2024/12/01 20:37:45 [stderr] 15238: nginx: 当前收消息队列/发消息队列大小分别为(0/0)，丢弃的待发送数据包数量为0。
2024/12/01 20:37:45 [stderr] 14504: nginx: 当前收消息队列/发消息队列大小分别为(0/0)，丢弃的待发送数据包数量为0。
2024/12/01 20:37:45 [stderr] 15238: nginx: -------------------------------------end---------------------------------------
2024/12/01 20:37:45 [stderr] 14504: nginx: -------------------------------------end---------------------------------------
2024/12/01 20:37:45 [notice] 15239: signal 15 (SIGTERM) received from 1
2024/12/01 20:37:45 [info] 15239: CSocekt::ngx_epoll_process_events()中epoll_wait()失败! (4: Interrupted system call) 
2024/12/01 20:37:45 [stderr] 15239: nginx: ------------------------------------begin--------------------------------------
2024/12/01 20:37:45 [stderr] 15239: nginx: 当前在线人数/总人数(0/2048)。
2024/12/01 20:37:45 [stderr] 15239: nginx: 连接池中空闲连接/总连接/要释放的连接(2047/2048/0)。
2024/12/01 20:37:45 [stderr] 15239: nginx: 当前时间队列大小(0)。
2024/12/01 20:37:45 [stderr] 15239: nginx: 当前收消息队列/发消息队列大小分别为(0/0)，丢弃的待发送数据包数量为0。
2024/12/01 20:37:45 [stderr] 15239: nginx: -------------------------------------end---------------------------------------
2024/12/01 20:37:45 [notice] 15241: signal 15 (SIGTERM) received from 1
2024/12/01 20:37:45 [info] 15241: CSocekt::ngx_epoll_process_events()中epoll_wait()失败! (4: Interrupted system call) 
2024/12/01 20:37:45 [stderr] 15241: nginx: ------------------------------------begin--------------------------------------
2024/12/01 20:37:45 [stderr] 15241: nginx: 当前在线人数/总人数(0/2048)。
2024/12/01 20:37:45 [stderr] 15241: nginx: 连接池中空闲连接/总连接/要释放的连接(2047/2048/0)。
2024/12/01 20:37:45 [stderr] 15241: nginx: 当前时间队列大小(0)。
2024/12/01 20:37:45 [stderr] 15241: nginx: 当前收消息队列/发消息队列大小分别为(0/0)，丢弃的待发送数据包数量为0。
2024/12/01 20:37:45 [stderr] 15241: nginx: -------------------------------------end---------------------------------------
2024/12/01 20:37:45 [notice] 19281: signal 15 (SIGTERM) received from 1
2024/12/01 20:37:45 [info] 19281: CSocekt::ngx_epoll_process_events()中epoll_wait()失败! (4: Interrupted system call) 
2024/12/01 20:37:45 [stderr] 19281: nginx: ------------------------------------begin--------------------------------------
2024/12/01 20:37:45 [stderr] 19281: nginx: 当前在线人数/总人数(0/2048)。
2024/12/01 20:37:45 [stderr] 19281: nginx: 连接池中空闲连接/总连接/要释放的连接(2047/2048/0)。
2024/12/01 20:37:45 [stderr] 19281: nginx: 当前时间队列大小(0)。
2024/12/01 20:37:45 [stderr] 19281: nginx: 当前收消息队列/发消息队列大小分别为(0/0)，丢弃的待发送数据包数量为0。
2024/12/01 20:37:45 [notice] 19280: signal 15 (SIGTERM) received from 1
2024/12/01 20:37:45 [stderr] 19281: nginx: -------------------------------------end---------------------------------------
2024/12/01 20:37:45 [notice] 19282: signal 15 (SIGTERM) received from 1
2024/12/01 20:37:45 [info] 19282: CSocekt::ngx_epoll_process_events()中epoll_wait()失败! (4: Interrupted system call) 
2024/12/01 20:37:45 [stderr] 19282: nginx: ------------------------------------begin--------------------------------------
2024/12/01 20:37:45 [stderr] 19282: nginx: 当前在线人数/总人数(0/2048)。
2024/12/01 20:37:45 [stderr] 19282: nginx: 连接池中空闲连接/总连接/要释放的连接(2047/2048/0)。
2024/12/01 20:37:45 [stderr] 19282: nginx: 当前时间队列大小(0)。
2024/12/01 20:37:45 [stderr] 19282: nginx: 当前收消息队列/发消息队列大小分别为(0/0)，丢弃的待发送数据包数量为0。
2024/12/01 20:37:45 [stderr] 19282: nginx: -------------------------------------end---------------------------------------
2024/12/01 20:37:45 [notice] 15240: signal 15 (SIGTERM) received from 1
2024/12/01 20:37:45 [info] 15240: CSocekt::ngx_epoll_process_events()中epoll_wait()失败! (4: Interrupted system call) 
2024/12/01 20:37:45 [stderr] 15240: nginx: ------------------------------------begin--------------------------------------
2024/12/01 20:37:45 [stderr] 15240: nginx: 当前在线人数/总人数(0/2048)。
2024/12/01 20:37:45 [stderr] 15240: nginx: 连接池中空闲连接/总连接/要释放的连接(2047/2048/0)。
2024/12/01 20:37:45 [stderr] 15240: nginx: 当前时间队列大小(0)。
2024/12/01 20:37:45 [stderr] 15240: nginx: 当前收消息队列/发消息队列大小分别为(0/0)，丢弃的待发送数据包数量为0。
2024/12/01 20:37:45 [stderr] 15240: nginx: -------------------------------------end---------------------------------------
2024/12/01 20:37:45 [notice] 19283: signal 15 (SIGTERM) received from 1
2024/12/01 20:37:45 [info] 19283: CSocekt::ngx_epoll_process_events()中epoll_wait()失败! (4: Interrupted system call) 
2024/12/01 20:37:45 [stderr] 19283: nginx: ------------------------------------begin--------------------------------------
2024/12/01 20:37:45 [stderr] 19283: nginx: 当前在线人数/总人数(0/2048)。
2024/12/01 20:37:45 [stderr] 19283: nginx: 连接池中空闲连接/总连接/要释放的连接(2047/2048/0)。
2024/12/01 20:37:45 [stderr] 19283: nginx: 当前时间队列大小(0)。
2024/12/01 20:37:45 [stderr] 19283: nginx: 当前收消息队列/发消息队列大小分别为(0/0)，丢弃的待发送数据包数量为0。
2024/12/01 20:37:45 [stderr] 19283: nginx: -------------------------------------end---------------------------------------
2024/12/01 20:37:45 [notice] 13519: signal 1 (SIGHUP) received from 1
2024/12/01 20:37:45 [info] 13519: CSocekt::ngx_epoll_process_events()中epoll_wait()失败! (4: Interrupted system call) 
2024/12/01 20:37:45 [notice] 14501: signal 1 (SIGHUP) received from 1
2024/12/01 20:37:45 [info] 14501: CSocekt::ngx_epoll_process_events()中epoll_wait()失败! (4: Interrupted system call) 
2024/12/01 20:37:45 [notice] 14503: signal 1 (SIGHUP) received from 1
2024/12/01 20:37:45 [info] 14503: CSocekt::ngx_epoll_process_events()中epoll_wait()失败! (4: Interrupted system call) 
2024/12/01 20:37:45 [notice] 15238: signal 1 (SIGHUP) received from 1
2024/12/01 20:37:45 [info] 15238: CSocekt::ngx_epoll_process_events()中epoll_wait()失败! (4: Interrupted system call) 
2024/12/01 20:37:45 [notice] 15241: signal 1 (SIGHUP) received from 1
2024/12/01 20:37:45 [info] 15241: CSocekt::ngx_epoll_process_events()中epoll_wait()失败! (4: Interrupted system call) 
2024/12/01 20:37:45 [notice] 19281: signal 1 (SIGHUP) received from 1
2024/12/01 20:37:45 [info] 19281: CSocekt::ngx_epoll_process_events()中epoll_wait()失败! (4: Interrupted system call) 
2024/12/01 20:37:45 [notice] 19282: signal 1 (SIGHUP) received from 1
2024/12/01 20:37:45 [info] 19282: CSocekt::ngx_epoll_process_events()中epoll_wait()失败! (4: Interrupted system call) 
2024/12/01 20:37:45 [notice] 15240: signal 1 (SIGHUP) received from 1
2024/12/01 20:37:45 [info] 15240: CSocekt::ngx_epoll_process_events()中epoll_wait()失败! (4: Interrupted system call) 
2024/12/01 20:37:45 [notice] 15239: signal 1 (SIGHUP) received from 1
2024/12/01 20:37:45 [notice] 13521: signal 1 (SIGHUP) received from 1
2024/12/01 20:37:45 [info] 15239: CSocekt::ngx_epoll_process_events()中epoll_wait()失败! (4: Interrupted system call) 
2024/12/01 20:37:45 [info] 13521: CSocekt::ngx_epoll_process_events()中epoll_wait()失败! (4: Interrupted system call) 
2024/12/01 20:37:45 [notice] 13520: signal 1 (SIGHUP) received from 1
2024/12/01 20:37:45 [info] 13520: CSocekt::ngx_epoll_process_events()中epoll_wait()失败! (4: Interrupted system call) 
2024/12/01 20:37:45 [notice] 13518: signal 1 (SIGHUP) received from 1
2024/12/01 20:37:45 [info] 13518: CSocekt::ngx_epoll_process_events()中epoll_wait()失败! (4: Interrupted system call) 
2024/12/01 20:37:45 [notice] 14502: signal 1 (SIGHUP) received from 1
2024/12/01 20:37:45 [info] 14502: CSocekt::ngx_epoll_process_events()中epoll_wait()失败! (4: Interrupted system call) 
2024/12/01 20:37:45 [notice] 14504: signal 1 (SIGHUP) received from 1
2024/12/01 20:37:45 [info] 14504: CSocekt::ngx_epoll_process_events()中epoll_wait()失败! (4: Interrupted system call) 
2024/12/01 20:37:45 [notice] 19280: signal 1 (SIGHUP) received from 1
2024/12/01 20:37:45 [notice] 19283: signal 1 (SIGHUP) received from 1
2024/12/01 20:37:45 [info] 19283: CSocekt::ngx_epoll_process_events()中epoll_wait()失败! (4: Interrupted system call) 
